#
# There is insufficient memory for the Java Runtime Environment to continue.
# Native memory allocation (mmap) failed to map 150994944 bytes for committing reserved memory.
# Possible reasons:
#   The system is out of physical RAM or swap space
#   The process is running with CompressedOops enabled, and the Java Heap may be blocking the growth of the native heap
# Possible solutions:
#   Reduce memory load on the system
#   Increase physical memory or swap space
#   Check if swap backing store is full
#   Decrease Java heap size (-Xmx/-Xms)
#   Decrease number of Java threads
#   Decrease Java thread stack sizes (-Xss)
#   Set larger code cache with -XX:ReservedCodeCacheSize=
#   JVM is running with Unscaled Compressed Oops mode in which the Java heap is
#     placed in the first 4GB address space. The Java Heap base address is the
#     maximum limit for the native heap growth. Please use -XX:HeapBaseMinAddress
#     to set the Java Heap base and to place the Java Heap above 4GB virtual address.
# This output file may be truncated or incomplete.
#
#  Out of Memory Error (os_linux.cpp:2706), pid=16173, tid=16186
#
# JRE version: OpenJDK Runtime Environment (10.0.1+10) (build 10.0.1+10-Ubuntu-3ubuntu1)
# Java VM: OpenJDK 64-Bit Server VM (10.0.1+10-Ubuntu-3ubuntu1, mixed mode, tiered, compressed oops, g1 gc, linux-amd64)
# Core dump will be written. Default location: Core dumps may be processed with "/usr/share/apport/apport %p %s %c %d %P" (or dumping to /home/m/prog-web/dinheiros/core.16173)
#

---------------  S U M M A R Y ------------

Command Line: -Dspring.lsp.client-port=45556 -Dserver.port=45556 -Dsts.lsp.client=vscode -Dsts.log.file=/tmp/vscode-spring-boot-1532478136986.log /home/m/.vscode/extensions/pivotal.vscode-spring-boot-0.4.0/jars/spring-boot-language-server-0.4.0-SNAPSHOT.jar

Host: Intel(R) Core(TM) i7-7500U CPU @ 2.70GHz, 4 cores, 7G, Ubuntu 18.04.1 LTS
Time: Tue Jul 24 22:08:38 2018 -03 elapsed time: 2783 seconds (0d 0h 46m 23s)

---------------  T H R E A D  ---------------

Current thread (0x00007f657c14f000):  VMThread "VM Thread" [stack: 0x00007f658044a000,0x00007f658054a000] [id=16186]

Stack: [0x00007f658044a000,0x00007f658054a000],  sp=0x00007f65805480a0,  free space=1016k
Native frames: (J=compiled Java code, A=aot compiled Java code, j=interpreted, Vv=VM code, C=native code)
V  [libjvm.so+0xd27dc4]
V  [libjvm.so+0xd2896b]
V  [libjvm.so+0x64d415]
V  [libjvm.so+0xb2d6e8]
V  [libjvm.so+0xb25f3d]
V  [libjvm.so+0x7662ff]
V  [libjvm.so+0x76653e]
V  [libjvm.so+0x769500]
V  [libjvm.so+0x7efa1c]
V  [libjvm.so+0x7f06df]
V  [libjvm.so+0x7f0b59]
V  [libjvm.so+0x7162cf]
V  [libjvm.so+0x71a3ba]
V  [libjvm.so+0xd39f28]
V  [libjvm.so+0xd38791]
V  [libjvm.so+0xd35a5b]
V  [libjvm.so+0xd3707e]
V  [libjvm.so+0xd374a8]
V  [libjvm.so+0xb33c60]

VM_Operation (0x00007f6506cf4480): G1IncCollectionPause, mode: safepoint, requested by thread 0x00007f64f43e6000


---------------  P R O C E S S  ---------------

Threads class SMR info:
_java_thread_list=0x00007f64d8072c70, length=16, elements={
0x00007f657c011800, 0x00007f657c159000, 0x00007f657c15b000, 0x00007f657c16d800,
0x00007f657c16f800, 0x00007f657c171800, 0x00007f657c173800, 0x00007f657c175000,
0x00007f657c1da000, 0x00007f657c1e8800, 0x00007f657df14000, 0x00007f64fc888000,
0x00007f64f44f4800, 0x00007f64f456d000, 0x00007f64f43e6000, 0x00007f64fc71b000
}

Java Threads: ( => current thread )
  0x00007f657c011800 JavaThread "main" [_thread_blocked, id=16174, stack(0x00007f6586294000,0x00007f6586395000)]
  0x00007f657c159000 JavaThread "Reference Handler" daemon [_thread_blocked, id=16187, stack(0x00007f6580347000,0x00007f6580448000)]
  0x00007f657c15b000 JavaThread "Finalizer" daemon [_thread_blocked, id=16188, stack(0x00007f6580246000,0x00007f6580347000)]
  0x00007f657c16d800 JavaThread "Signal Dispatcher" daemon [_thread_blocked, id=16189, stack(0x00007f6580145000,0x00007f6580246000)]
  0x00007f657c16f800 JavaThread "C2 CompilerThread0" daemon [_thread_blocked, id=16190, stack(0x00007f6580044000,0x00007f6580145000)]
  0x00007f657c171800 JavaThread "C2 CompilerThread1" daemon [_thread_blocked, id=16191, stack(0x00007f65609a7000,0x00007f6560aa8000)]
  0x00007f657c173800 JavaThread "C1 CompilerThread2" daemon [_thread_blocked, id=16192, stack(0x00007f65608a6000,0x00007f65609a7000)]
  0x00007f657c175000 JavaThread "Sweeper thread" daemon [_thread_blocked, id=16193, stack(0x00007f65607a5000,0x00007f65608a6000)]
  0x00007f657c1da000 JavaThread "Service Thread" daemon [_thread_blocked, id=16194, stack(0x00007f65606a4000,0x00007f65607a5000)]
  0x00007f657c1e8800 JavaThread "Common-Cleaner" daemon [_thread_blocked, id=16196, stack(0x00007f65604a1000,0x00007f65605a2000)]
  0x00007f657df14000 JavaThread "pool-3-thread-1" [_thread_in_native, id=16199, stack(0x00007f655004f000,0x00007f6550150000)]
  0x00007f64fc888000 JavaThread "STS4 Thread-1" [_thread_blocked, id=16200, stack(0x00007f65076fd000,0x00007f65077fe000)]
  0x00007f64f44f4800 JavaThread "Reconciler-2" [_thread_blocked, id=16220, stack(0x00007f65071f8000,0x00007f65072f9000)]
  0x00007f64f456d000 JavaThread "pool-2-thread-1" [_thread_blocked, id=16221, stack(0x00007f65070f7000,0x00007f65071f8000)]
  0x00007f64f43e6000 JavaThread "Timer-0" [_thread_blocked, id=16242, stack(0x00007f6506bf6000,0x00007f6506cf7000)]
  0x00007f64fc71b000 JavaThread "elastic-evictor-1" daemon [_thread_blocked, id=17433, stack(0x00007f6506221000,0x00007f6506322000)]

Other Threads:
=>0x00007f657c14f000 VMThread "VM Thread" [stack: 0x00007f658044a000,0x00007f658054a000] [id=16186]
  0x00007f657c1dc000 WatcherThread [stack: 0x00007f65605a4000,0x00007f65606a4000] [id=16195]
  0x00007f657c028800 GCTaskThread "GC Thread#0" [stack: 0x00007f65823bb000,0x00007f65824bb000] [id=16175]
  0x00007f657c029800 GCTaskThread "GC Thread#1" [stack: 0x00007f65822b9000,0x00007f65823b9000] [id=16176]
  0x00007f657c02b800 GCTaskThread "GC Thread#2" [stack: 0x00007f65821b7000,0x00007f65822b7000] [id=16177]
  0x00007f657c02d000 GCTaskThread "GC Thread#3" [stack: 0x00007f65820b5000,0x00007f65821b5000] [id=16178]
  0x00007f657c056800 ConcurrentGCThread "G1 Main Marker" [stack: 0x00007f658102d000,0x00007f658112d000] [id=16179]
  0x00007f657c058000 ConcurrentGCThread "G1 Conc#0" [stack: 0x00007f6580f2b000,0x00007f658102b000] [id=16180]
  0x00007f657c0c0000 ConcurrentGCThread "G1 Refine#0" [stack: 0x00007f6580a25000,0x00007f6580b25000] [id=16181]
  0x00007f657c0c2000 ConcurrentGCThread "G1 Refine#1" [stack: 0x00007f6580923000,0x00007f6580a23000] [id=16182]
  0x00007f657c0c3800 ConcurrentGCThread "G1 Refine#2" [stack: 0x00007f6580821000,0x00007f6580921000] [id=16183]
  0x00007f657c0c5800 ConcurrentGCThread "G1 Refine#3" [stack: 0x00007f658071f000,0x00007f658081f000] [id=16184]
  0x00007f657c0c7000 ConcurrentGCThread "G1 Young RemSet Sampling" [stack: 0x00007f658061d000,0x00007f658071d000] [id=16185]

Threads with active compile tasks:
C1 CompilerThread25702       3       org.eclipse.jdt.internal.compiler.batch.FileSystem::initializeModuleLocations (282 bytes)

VM state:at safepoint (normal execution)

VM Mutex/Monitor currently owned by a thread:  ([mutex/lock_event])
[0x00007f657c00e170] Threads_lock - owner thread: 0x00007f657c14f000
[0x00007f657c00e710] Heap_lock - owner thread: 0x00007f64f43e6000

Heap address: 0x0000000085400000, size: 1964 MB, Compressed Oops mode: 32-bit
Narrow klass base: 0x0000000000000000, Narrow klass shift: 3
Compressed class space size: 1073741824 Address: 0x0000000100000000

Heap:
 garbage-first heap   total 368640K, used 33630K [0x0000000085400000, 0x0000000100000000)
  region size 1024K, 2 young (2048K), 2 survivors (2048K)
 Metaspace       used 31309K, capacity 31981K, committed 32384K, reserved 1079296K
  class space    used 2900K, capacity 3172K, committed 3200K, reserved 1048576K
Heap Regions: E=young(eden), S=young(survivor), O=old, HS=humongous(starts), HC=humongous(continues), CS=collection set, F=free, A=archive, TS=gc time stamp, AC=allocation context, TAMS=top-at-mark-start (previous, next)
|   0|0x0000000085400000, 0x0000000085500000, 0x0000000085500000|100%| O|  |TS  0|AC  0|TAMS 0x0000000085500000, 0x0000000085500000|
|   1|0x0000000085500000, 0x0000000085600000, 0x0000000085600000|100%| O|  |TS  0|AC  0|TAMS 0x0000000085600000, 0x0000000085600000|
|   2|0x0000000085600000, 0x0000000085700000, 0x0000000085700000|100%| O|  |TS  1|AC  0|TAMS 0x0000000085610a00, 0x0000000085610a00|
|   3|0x0000000085700000, 0x0000000085800000, 0x0000000085800000|100%|HS|  |TS  0|AC  0|TAMS 0x0000000085700000, 0x0000000085700000|
|   4|0x0000000085800000, 0x0000000085900000, 0x0000000085900000|100%| O|  |TS  1|AC  0|TAMS 0x0000000085800000, 0x0000000085800000|
|   5|0x0000000085900000, 0x0000000085a00000, 0x0000000085a00000|100%| O|  |TS  1|AC  0|TAMS 0x0000000085900000, 0x0000000085900000|
|   6|0x0000000085a00000, 0x0000000085b00000, 0x0000000085b00000|100%| O|  |TS  2|AC  0|TAMS 0x0000000085a00000, 0x0000000085a00000|
|   7|0x0000000085b00000, 0x0000000085c00000, 0x0000000085c00000|100%| O|  |TS  2|AC  0|TAMS 0x0000000085b00000, 0x0000000085b00000|
|   8|0x0000000085c00000, 0x0000000085d00000, 0x0000000085d00000|100%| O|  |TS  2|AC  0|TAMS 0x0000000085c00000, 0x0000000085c00000|
|   9|0x0000000085d00000, 0x0000000085e00000, 0x0000000085e00000|100%| O|  |TS  2|AC  0|TAMS 0x0000000085d00000, 0x0000000085d00000|
|  10|0x0000000085e00000, 0x0000000085f00000, 0x0000000085f00000|100%| O|  |TS  2|AC  0|TAMS 0x0000000085e00000, 0x0000000085e00000|
|  11|0x0000000085f00000, 0x0000000086000000, 0x0000000086000000|100%| O|  |TS  2|AC  0|TAMS 0x0000000085f00000, 0x0000000085f00000|
|  12|0x0000000086000000, 0x0000000086100000, 0x0000000086100000|100%| O|  |TS 17|AC  0|TAMS 0x0000000086000000, 0x0000000086000000|
|  13|0x0000000086100000, 0x0000000086200000, 0x0000000086200000|100%| O|  |TS 29|AC  0|TAMS 0x0000000086100000, 0x0000000086100000|
|  14|0x0000000086200000, 0x0000000086300000, 0x0000000086300000|100%| O|  |TS 29|AC  0|TAMS 0x0000000086200000, 0x0000000086200000|
|  15|0x0000000086300000, 0x0000000086400000, 0x0000000086400000|100%| O|  |TS 33|AC  0|TAMS 0x0000000086300000, 0x0000000086300000|
|  16|0x0000000086400000, 0x0000000086500000, 0x0000000086500000|100%| O|  |TS 33|AC  0|TAMS 0x0000000086400000, 0x0000000086400000|
|  17|0x0000000086500000, 0x0000000086600000, 0x0000000086600000|100%| O|  |TS 35|AC  0|TAMS 0x0000000086500000, 0x0000000086500000|
|  18|0x0000000086600000, 0x0000000086700000, 0x0000000086700000|100%| O|  |TS 35|AC  0|TAMS 0x0000000086600000, 0x0000000086600000|
|  19|0x0000000086700000, 0x0000000086800000, 0x0000000086800000|100%| O|  |TS 39|AC  0|TAMS 0x0000000086700000, 0x0000000086700000|
|  20|0x0000000086800000, 0x0000000086900000, 0x0000000086900000|100%| O|  |TS 39|AC  0|TAMS 0x0000000086800000, 0x0000000086800000|
|  21|0x0000000086900000, 0x0000000086a00000, 0x0000000086a00000|100%| O|  |TS 41|AC  0|TAMS 0x0000000086900000, 0x0000000086900000|
|  22|0x0000000086a00000, 0x0000000086b00000, 0x0000000086b00000|100%| O|  |TS 41|AC  0|TAMS 0x0000000086a00000, 0x0000000086a00000|
|  23|0x0000000086b00000, 0x0000000086c00000, 0x0000000086c00000|100%| O|  |TS 43|AC  0|TAMS 0x0000000086b00000, 0x0000000086b00000|
|  24|0x0000000086c00000, 0x0000000086d00000, 0x0000000086d00000|100%| O|  |TS 43|AC  0|TAMS 0x0000000086c00000, 0x0000000086c00000|
|  25|0x0000000086d00000, 0x0000000086e00000, 0x0000000086e00000|100%| O|  |TS 45|AC  0|TAMS 0x0000000086d00000, 0x0000000086d00000|
|  26|0x0000000086e00000, 0x0000000086f00000, 0x0000000086f00000|100%| O|  |TS 45|AC  0|TAMS 0x0000000086e00000, 0x0000000086e00000|
|  27|0x0000000086f00000, 0x0000000087000000, 0x0000000087000000|100%| O|  |TS 56|AC  0|TAMS 0x0000000086f00000, 0x0000000086f00000|
|  28|0x0000000087000000, 0x0000000087100000, 0x0000000087100000|100%| O|  |TS 56|AC  0|TAMS 0x0000000087000000, 0x0000000087000000|
|  29|0x0000000087100000, 0x0000000087200000, 0x0000000087200000|100%| O|  |TS 60|AC  0|TAMS 0x0000000087100000, 0x0000000087100000|
|  30|0x0000000087200000, 0x0000000087300000, 0x0000000087300000|100%| O|  |TS 62|AC  0|TAMS 0x0000000087200000, 0x0000000087200000|
|  31|0x0000000087300000, 0x0000000087395c00, 0x0000000087400000| 58%| O|  |TS 66|AC  0|TAMS 0x0000000087300000, 0x0000000087300000|
|  32|0x0000000087400000, 0x0000000087400000, 0x0000000087500000|  0%| F|  |TS  0|AC  0|TAMS 0x0000000087400000, 0x0000000087400000|
|  33|0x0000000087500000, 0x0000000087500000, 0x0000000087600000|  0%| F|  |TS  0|AC  0|TAMS 0x0000000087500000, 0x0000000087500000|
|  34|0x0000000087600000, 0x0000000087600000, 0x0000000087700000|  0%| F|  |TS  0|AC  0|TAMS 0x0000000087600000, 0x0000000087600000|
|  35|0x0000000087700000, 0x0000000087700000, 0x0000000087800000|  0%| F|  |TS  0|AC  0|TAMS 0x0000000087700000, 0x0000000087700000|
|  36|0x0000000087800000, 0x0000000087800000, 0x0000000087900000|  0%| F|  |TS  0|AC  0|TAMS 0x0000000087800000, 0x0000000087800000|
|  37|0x0000000087900000, 0x0000000087900000, 0x0000000087a00000|  0%| F|  |TS  0|AC  0|TAMS 0x0000000087900000, 0x0000000087900000|
|  38|0x0000000087a00000, 0x0000000087a00000, 0x0000000087b00000|  0%| F|  |TS  0|AC  0|TAMS 0x0000000087a00000, 0x0000000087a00000|
|  39|0x0000000087b00000, 0x0000000087b00000, 0x0000000087c00000|  0%| F|  |TS  0|AC  0|TAMS 0x0000000087b00000, 0x0000000087b00000|
|  40|0x0000000087c00000, 0x0000000087c00000, 0x0000000087d00000|  0%| F|  |TS  0|AC  0|TAMS 0x0000000087c00000, 0x0000000087c00000|
|  41|0x0000000087d00000, 0x0000000087d00000, 0x0000000087e00000|  0%| F|  |TS  0|AC  0|TAMS 0x0000000087d00000, 0x0000000087d00000|
|  42|0x0000000087e00000, 0x0000000087e00000, 0x0000000087f00000|  0%| F|  |TS  0|AC  0|TAMS 0x0000000087e00000, 0x0000000087e00000|
|  43|0x0000000087f00000, 0x0000000087f00000, 0x0000000088000000|  0%| F|  |TS  0|AC  0|TAMS 0x0000000087f00000, 0x0000000087f00000|
|  44|0x0000000088000000, 0x0000000088000000, 0x0000000088100000|  0%| F|  |TS  0|AC  0|TAMS 0x0000000088000000, 0x0000000088000000|
|  45|0x0000000088100000, 0x0000000088100000, 0x0000000088200000|  0%| F|  |TS  0|AC  0|TAMS 0x0000000088100000, 0x0000000088100000|
|  46|0x0000000088200000, 0x0000000088200000, 0x0000000088300000|  0%| F|  |TS 16|AC  0|TAMS 0x0000000088200000, 0x0000000088200000|
|  47|0x0000000088300000, 0x0000000088300000, 0x0000000088400000|  0%| F|  |TS 33|AC  0|TAMS 0x0000000088300000, 0x0000000088300000|
|  48|0x0000000088400000, 0x0000000088400000, 0x0000000088500000|  0%| F|  |TS 35|AC  0|TAMS 0x0000000088400000, 0x0000000088400000|
|  49|0x0000000088500000, 0x0000000088500000, 0x0000000088600000|  0%| F|  |TS 35|AC  0|TAMS 0x0000000088500000, 0x0000000088500000|
|  50|0x0000000088600000, 0x0000000088600000, 0x0000000088700000|  0%| F|  |TS 34|AC  0|TAMS 0x0000000088600000, 0x0000000088600000|
|  51|0x0000000088700000, 0x0000000088700000, 0x0000000088800000|  0%| F|  |TS 34|AC  0|TAMS 0x0000000088700000, 0x0000000088700000|
|  52|0x0000000088800000, 0x0000000088800000, 0x0000000088900000|  0%| F|  |TS 34|AC  0|TAMS 0x0000000088800000, 0x0000000088800000|
|  53|0x0000000088900000, 0x0000000088900000, 0x0000000088a00000|  0%| F|  |TS 34|AC  0|TAMS 0x0000000088900000, 0x0000000088900000|
|  54|0x0000000088a00000, 0x0000000088a00000, 0x0000000088b00000|  0%| F|  |TS 45|AC  0|TAMS 0x0000000088a00000, 0x0000000088a00000|
|  55|0x0000000088b00000, 0x0000000088b00000, 0x0000000088c00000|  0%| F|  |TS 45|AC  0|TAMS 0x0000000088b00000, 0x0000000088b00000|
|  56|0x0000000088c00000, 0x0000000088c00000, 0x0000000088d00000|  0%| F|  |TS 44|AC  0|TAMS 0x0000000088c00000, 0x0000000088c00000|
|  57|0x0000000088d00000, 0x0000000088d00000, 0x0000000088e00000|  0%| F|  |TS 44|AC  0|TAMS 0x0000000088d00000, 0x0000000088d00000|
|  58|0x0000000088e00000, 0x0000000088e00000, 0x0000000088f00000|  0%| F|  |TS 44|AC  0|TAMS 0x0000000088e00000, 0x0000000088e00000|
|  59|0x0000000088f00000, 0x0000000088f00000, 0x0000000089000000|  0%| F|  |TS 44|AC  0|TAMS 0x0000000088f00000, 0x0000000088f00000|
|  60|0x0000000089000000, 0x0000000089000000, 0x0000000089100000|  0%| F|  |TS 44|AC  0|TAMS 0x0000000089000000, 0x0000000089000000|
|  61|0x0000000089100000, 0x0000000089100000, 0x0000000089200000|  0%| F|  |TS 44|AC  0|TAMS 0x0000000089100000, 0x0000000089100000|
|  62|0x0000000089200000, 0x0000000089200000, 0x0000000089300000|  0%| F|  |TS 44|AC  0|TAMS 0x0000000089200000, 0x0000000089200000|
|  63|0x0000000089300000, 0x0000000089300000, 0x0000000089400000|  0%| F|  |TS 44|AC  0|TAMS 0x0000000089300000, 0x0000000089300000|
|  64|0x0000000089400000, 0x0000000089400000, 0x0000000089500000|  0%| F|  |TS 44|AC  0|TAMS 0x0000000089400000, 0x0000000089400000|
|  65|0x0000000089500000, 0x0000000089500000, 0x0000000089600000|  0%| F|  |TS 44|AC  0|TAMS 0x0000000089500000, 0x0000000089500000|
|  66|0x0000000089600000, 0x0000000089600000, 0x0000000089700000|  0%| F|  |TS 44|AC  0|TAMS 0x0000000089600000, 0x0000000089600000|
|  67|0x0000000089700000, 0x0000000089700000, 0x0000000089800000|  0%| F|  |TS 44|AC  0|TAMS 0x0000000089700000, 0x0000000089700000|
|  68|0x0000000089800000, 0x0000000089800000, 0x0000000089900000|  0%| F|  |TS 44|AC  0|TAMS 0x0000000089800000, 0x0000000089800000|
|  69|0x0000000089900000, 0x0000000089900000, 0x0000000089a00000|  0%| F|  |TS 44|AC  0|TAMS 0x0000000089900000, 0x0000000089900000|
|  70|0x0000000089a00000, 0x0000000089a00000, 0x0000000089b00000|  0%| F|  |TS 44|AC  0|TAMS 0x0000000089a00000, 0x0000000089a00000|
|  71|0x0000000089b00000, 0x0000000089b00000, 0x0000000089c00000|  0%| F|  |TS 44|AC  0|TAMS 0x0000000089b00000, 0x0000000089b00000|
|  72|0x0000000089c00000, 0x0000000089c00000, 0x0000000089d00000|  0%| F|  |TS 44|AC  0|TAMS 0x0000000089c00000, 0x0000000089c00000|
|  73|0x0000000089d00000, 0x0000000089d00000, 0x0000000089e00000|  0%| F|  |TS 44|AC  0|TAMS 0x0000000089d00000, 0x0000000089d00000|
|  74|0x0000000089e00000, 0x0000000089e00000, 0x0000000089f00000|  0%| F|  |TS 44|AC  0|TAMS 0x0000000089e00000, 0x0000000089e00000|
|  75|0x0000000089f00000, 0x0000000089f00000, 0x000000008a000000|  0%| F|  |TS 44|AC  0|TAMS 0x0000000089f00000, 0x0000000089f00000|
|  76|0x000000008a000000, 0x000000008a000000, 0x000000008a100000|  0%| F|  |TS 44|AC  0|TAMS 0x000000008a000000, 0x000000008a000000|
|  77|0x000000008a100000, 0x000000008a100000, 0x000000008a200000|  0%| F|  |TS 44|AC  0|TAMS 0x000000008a100000, 0x000000008a100000|
|  78|0x000000008a200000, 0x000000008a200000, 0x000000008a300000|  0%| F|  |TS 44|AC  0|TAMS 0x000000008a200000, 0x000000008a200000|
|  79|0x000000008a300000, 0x000000008a300000, 0x000000008a400000|  0%| F|  |TS 44|AC  0|TAMS 0x000000008a300000, 0x000000008a300000|
|  80|0x000000008a400000, 0x000000008a400000, 0x000000008a500000|  0%| F|  |TS 44|AC  0|TAMS 0x000000008a400000, 0x000000008a400000|
|  81|0x000000008a500000, 0x000000008a500000, 0x000000008a600000|  0%| F|  |TS 44|AC  0|TAMS 0x000000008a500000, 0x000000008a500000|
|  82|0x000000008a600000, 0x000000008a600000, 0x000000008a700000|  0%| F|  |TS 44|AC  0|TAMS 0x000000008a600000, 0x000000008a600000|
|  83|0x000000008a700000, 0x000000008a700000, 0x000000008a800000|  0%| F|  |TS 44|AC  0|TAMS 0x000000008a700000, 0x000000008a700000|
|  84|0x000000008a800000, 0x000000008a800000, 0x000000008a900000|  0%| F|  |TS 44|AC  0|TAMS 0x000000008a800000, 0x000000008a800000|
|  85|0x000000008a900000, 0x000000008a900000, 0x000000008aa00000|  0%| F|  |TS 44|AC  0|TAMS 0x000000008a900000, 0x000000008a900000|
|  86|0x000000008aa00000, 0x000000008aa00000, 0x000000008ab00000|  0%| F|  |TS 44|AC  0|TAMS 0x000000008aa00000, 0x000000008aa00000|
|  87|0x000000008ab00000, 0x000000008ab00000, 0x000000008ac00000|  0%| F|  |TS 44|AC  0|TAMS 0x000000008ab00000, 0x000000008ab00000|
|  88|0x000000008ac00000, 0x000000008ac00000, 0x000000008ad00000|  0%| F|  |TS 44|AC  0|TAMS 0x000000008ac00000, 0x000000008ac00000|
|  89|0x000000008ad00000, 0x000000008ad00000, 0x000000008ae00000|  0%| F|  |TS 44|AC  0|TAMS 0x000000008ad00000, 0x000000008ad00000|
|  90|0x000000008ae00000, 0x000000008ae00000, 0x000000008af00000|  0%| F|  |TS 44|AC  0|TAMS 0x000000008ae00000, 0x000000008ae00000|
|  91|0x000000008af00000, 0x000000008af00000, 0x000000008b000000|  0%| F|  |TS 44|AC  0|TAMS 0x000000008af00000, 0x000000008af00000|
|  92|0x000000008b000000, 0x000000008b000000, 0x000000008b100000|  0%| F|  |TS 44|AC  0|TAMS 0x000000008b000000, 0x000000008b000000|
|  93|0x000000008b100000, 0x000000008b100000, 0x000000008b200000|  0%| F|  |TS 44|AC  0|TAMS 0x000000008b100000, 0x000000008b100000|
|  94|0x000000008b200000, 0x000000008b200000, 0x000000008b300000|  0%| F|  |TS 44|AC  0|TAMS 0x000000008b200000, 0x000000008b200000|
|  95|0x000000008b300000, 0x000000008b300000, 0x000000008b400000|  0%| F|  |TS 44|AC  0|TAMS 0x000000008b300000, 0x000000008b300000|
|  96|0x000000008b400000, 0x000000008b400000, 0x000000008b500000|  0%| F|  |TS 44|AC  0|TAMS 0x000000008b400000, 0x000000008b400000|
|  97|0x000000008b500000, 0x000000008b500000, 0x000000008b600000|  0%| F|  |TS 44|AC  0|TAMS 0x000000008b500000, 0x000000008b500000|
|  98|0x000000008b600000, 0x000000008b600000, 0x000000008b700000|  0%| F|  |TS 44|AC  0|TAMS 0x000000008b600000, 0x000000008b600000|
|  99|0x000000008b700000, 0x000000008b700000, 0x000000008b800000|  0%| F|  |TS 44|AC  0|TAMS 0x000000008b700000, 0x000000008b700000|
| 100|0x000000008b800000, 0x000000008b800000, 0x000000008b900000|  0%| F|  |TS 44|AC  0|TAMS 0x000000008b800000, 0x000000008b800000|
| 101|0x000000008b900000, 0x000000008b900000, 0x000000008ba00000|  0%| F|  |TS 44|AC  0|TAMS 0x000000008b900000, 0x000000008b900000|
| 102|0x000000008ba00000, 0x000000008ba00000, 0x000000008bb00000|  0%| F|  |TS 44|AC  0|TAMS 0x000000008ba00000, 0x000000008ba00000|
| 103|0x000000008bb00000, 0x000000008bb00000, 0x000000008bc00000|  0%| F|  |TS 44|AC  0|TAMS 0x000000008bb00000, 0x000000008bb00000|
| 104|0x000000008bc00000, 0x000000008bc00000, 0x000000008bd00000|  0%| F|  |TS 44|AC  0|TAMS 0x000000008bc00000, 0x000000008bc00000|
| 105|0x000000008bd00000, 0x000000008bd00000, 0x000000008be00000|  0%| F|  |TS 44|AC  0|TAMS 0x000000008bd00000, 0x000000008bd00000|
| 106|0x000000008be00000, 0x000000008be00000, 0x000000008bf00000|  0%| F|  |TS 44|AC  0|TAMS 0x000000008be00000, 0x000000008be00000|
| 107|0x000000008bf00000, 0x000000008bf00000, 0x000000008c000000|  0%| F|  |TS 44|AC  0|TAMS 0x000000008bf00000, 0x000000008bf00000|
| 108|0x000000008c000000, 0x000000008c000000, 0x000000008c100000|  0%| F|  |TS 44|AC  0|TAMS 0x000000008c000000, 0x000000008c000000|
| 109|0x000000008c100000, 0x000000008c100000, 0x000000008c200000|  0%| F|  |TS 44|AC  0|TAMS 0x000000008c100000, 0x000000008c100000|
| 110|0x000000008c200000, 0x000000008c200000, 0x000000008c300000|  0%| F|  |TS 44|AC  0|TAMS 0x000000008c200000, 0x000000008c200000|
| 111|0x000000008c300000, 0x000000008c300000, 0x000000008c400000|  0%| F|  |TS 50|AC  0|TAMS 0x000000008c300000, 0x000000008c300000|
| 112|0x000000008c400000, 0x000000008c400000, 0x000000008c500000|  0%| F|  |TS 49|AC  0|TAMS 0x000000008c400000, 0x000000008c400000|
| 113|0x000000008c500000, 0x000000008c500000, 0x000000008c600000|  0%| F|  |TS 49|AC  0|TAMS 0x000000008c500000, 0x000000008c500000|
| 114|0x000000008c600000, 0x000000008c600000, 0x000000008c700000|  0%| F|  |TS 49|AC  0|TAMS 0x000000008c600000, 0x000000008c600000|
| 115|0x000000008c700000, 0x000000008c700000, 0x000000008c800000|  0%| F|  |TS 49|AC  0|TAMS 0x000000008c700000, 0x000000008c700000|
| 116|0x000000008c800000, 0x000000008c800000, 0x000000008c900000|  0%| F|  |TS 49|AC  0|TAMS 0x000000008c800000, 0x000000008c800000|
| 117|0x000000008c900000, 0x000000008c900000, 0x000000008ca00000|  0%| F|  |TS 49|AC  0|TAMS 0x000000008c900000, 0x000000008c900000|
| 118|0x000000008ca00000, 0x000000008ca00000, 0x000000008cb00000|  0%| F|  |TS 51|AC  0|TAMS 0x000000008ca00000, 0x000000008ca00000|
| 119|0x000000008cb00000, 0x000000008cb00000, 0x000000008cc00000|  0%| F|  |TS 50|AC  0|TAMS 0x000000008cb00000, 0x000000008cb00000|
| 120|0x000000008cc00000, 0x000000008cc00000, 0x000000008cd00000|  0%| F|  |TS 50|AC  0|TAMS 0x000000008cc00000, 0x000000008cc00000|
| 121|0x000000008cd00000, 0x000000008cd00000, 0x000000008ce00000|  0%| F|  |TS 56|AC  0|TAMS 0x000000008cd00000, 0x000000008cd00000|
| 122|0x000000008ce00000, 0x000000008ce00000, 0x000000008cf00000|  0%| F|  |TS 56|AC  0|TAMS 0x000000008ce00000, 0x000000008ce00000|
| 123|0x000000008cf00000, 0x000000008cf00000, 0x000000008d000000|  0%| F|  |TS 55|AC  0|TAMS 0x000000008cf00000, 0x000000008cf00000|
| 124|0x000000008d000000, 0x000000008d000000, 0x000000008d100000|  0%| F|  |TS 55|AC  0|TAMS 0x000000008d000000, 0x000000008d000000|
| 125|0x000000008d100000, 0x000000008d100000, 0x000000008d200000|  0%| F|  |TS 55|AC  0|TAMS 0x000000008d100000, 0x000000008d100000|
| 126|0x000000008d200000, 0x000000008d200000, 0x000000008d300000|  0%| F|  |TS 56|AC  0|TAMS 0x000000008d200000, 0x000000008d200000|
| 127|0x000000008d300000, 0x000000008d300000, 0x000000008d400000|  0%| F|  |TS 55|AC  0|TAMS 0x000000008d300000, 0x000000008d300000|
| 128|0x000000008d400000, 0x000000008d400000, 0x000000008d500000|  0%| F|  |TS 55|AC  0|TAMS 0x000000008d400000, 0x000000008d400000|
| 129|0x000000008d500000, 0x000000008d500000, 0x000000008d600000|  0%| F|  |TS 55|AC  0|TAMS 0x000000008d500000, 0x000000008d500000|
| 130|0x000000008d600000, 0x000000008d600000, 0x000000008d700000|  0%| F|  |TS 55|AC  0|TAMS 0x000000008d600000, 0x000000008d600000|
| 131|0x000000008d700000, 0x000000008d700000, 0x000000008d800000|  0%| F|  |TS 62|AC  0|TAMS 0x000000008d700000, 0x000000008d700000|
| 132|0x000000008d800000, 0x000000008d800000, 0x000000008d900000|  0%| F|  |TS 62|AC  0|TAMS 0x000000008d800000, 0x000000008d800000|
| 133|0x000000008d900000, 0x000000008d900000, 0x000000008da00000|  0%| F|  |TS 61|AC  0|TAMS 0x000000008d900000, 0x000000008d900000|
| 134|0x000000008da00000, 0x000000008da00000, 0x000000008db00000|  0%| F|  |TS 61|AC  0|TAMS 0x000000008da00000, 0x000000008da00000|
| 135|0x000000008db00000, 0x000000008db00000, 0x000000008dc00000|  0%| F|  |TS 61|AC  0|TAMS 0x000000008db00000, 0x000000008db00000|
| 136|0x000000008dc00000, 0x000000008dc00000, 0x000000008dd00000|  0%| F|  |TS 61|AC  0|TAMS 0x000000008dc00000, 0x000000008dc00000|
| 137|0x000000008dd00000, 0x000000008dd00000, 0x000000008de00000|  0%| F|  |TS 61|AC  0|TAMS 0x000000008dd00000, 0x000000008dd00000|
| 138|0x000000008de00000, 0x000000008de00000, 0x000000008df00000|  0%| F|  |TS 61|AC  0|TAMS 0x000000008de00000, 0x000000008de00000|
| 139|0x000000008df00000, 0x000000008df00000, 0x000000008e000000|  0%| F|  |TS 61|AC  0|TAMS 0x000000008df00000, 0x000000008df00000|
| 140|0x000000008e000000, 0x000000008e000000, 0x000000008e100000|  0%| F|  |TS 61|AC  0|TAMS 0x000000008e000000, 0x000000008e000000|
| 141|0x000000008e100000, 0x000000008e100000, 0x000000008e200000|  0%| F|  |TS 61|AC  0|TAMS 0x000000008e100000, 0x000000008e100000|
| 142|0x000000008e200000, 0x000000008e200000, 0x000000008e300000|  0%| F|  |TS 61|AC  0|TAMS 0x000000008e200000, 0x000000008e200000|
| 143|0x000000008e300000, 0x000000008e300000, 0x000000008e400000|  0%| F|  |TS 61|AC  0|TAMS 0x000000008e300000, 0x000000008e300000|
| 144|0x000000008e400000, 0x000000008e400000, 0x000000008e500000|  0%| F|  |TS 61|AC  0|TAMS 0x000000008e400000, 0x000000008e400000|
| 145|0x000000008e500000, 0x000000008e500000, 0x000000008e600000|  0%| F|  |TS 61|AC  0|TAMS 0x000000008e500000, 0x000000008e500000|
| 146|0x000000008e600000, 0x000000008e600000, 0x000000008e700000|  0%| F|  |TS 63|AC  0|TAMS 0x000000008e600000, 0x000000008e600000|
| 147|0x000000008e700000, 0x000000008e700000, 0x000000008e800000|  0%| F|  |TS 62|AC  0|TAMS 0x000000008e700000, 0x000000008e700000|
| 148|0x000000008e800000, 0x000000008e800000, 0x000000008e900000|  0%| F|  |TS 62|AC  0|TAMS 0x000000008e800000, 0x000000008e800000|
| 149|0x000000008e900000, 0x000000008e900000, 0x000000008ea00000|  0%| F|  |TS 62|AC  0|TAMS 0x000000008e900000, 0x000000008e900000|
| 150|0x000000008ea00000, 0x000000008ea00000, 0x000000008eb00000|  0%| F|  |TS 62|AC  0|TAMS 0x000000008ea00000, 0x000000008ea00000|
| 151|0x000000008eb00000, 0x000000008eb00000, 0x000000008ec00000|  0%| F|  |TS 62|AC  0|TAMS 0x000000008eb00000, 0x000000008eb00000|
| 152|0x000000008ec00000, 0x000000008ec00000, 0x000000008ed00000|  0%| F|  |TS 62|AC  0|TAMS 0x000000008ec00000, 0x000000008ec00000|
| 153|0x000000008ed00000, 0x000000008ed00000, 0x000000008ee00000|  0%| F|  |TS 62|AC  0|TAMS 0x000000008ed00000, 0x000000008ed00000|
| 154|0x000000008ee00000, 0x000000008ee00000, 0x000000008ef00000|  0%| F|  |TS 62|AC  0|TAMS 0x000000008ee00000, 0x000000008ee00000|
| 155|0x000000008ef00000, 0x000000008ef00000, 0x000000008f000000|  0%| F|  |TS 62|AC  0|TAMS 0x000000008ef00000, 0x000000008ef00000|
| 156|0x000000008f000000, 0x000000008f000000, 0x000000008f100000|  0%| F|  |TS 62|AC  0|TAMS 0x000000008f000000, 0x000000008f000000|
| 157|0x000000008f100000, 0x000000008f100000, 0x000000008f200000|  0%| F|  |TS 62|AC  0|TAMS 0x000000008f100000, 0x000000008f100000|
| 158|0x000000008f200000, 0x000000008f200000, 0x000000008f300000|  0%| F|  |TS 62|AC  0|TAMS 0x000000008f200000, 0x000000008f200000|
| 159|0x000000008f300000, 0x000000008f300000, 0x000000008f400000|  0%| F|  |TS 62|AC  0|TAMS 0x000000008f300000, 0x000000008f300000|
| 160|0x000000008f400000, 0x000000008f400000, 0x000000008f500000|  0%| F|  |TS 62|AC  0|TAMS 0x000000008f400000, 0x000000008f400000|
| 161|0x000000008f500000, 0x000000008f500000, 0x000000008f600000|  0%| F|  |TS 62|AC  0|TAMS 0x000000008f500000, 0x000000008f500000|
| 162|0x000000008f600000, 0x000000008f600000, 0x000000008f700000|  0%| F|  |TS 62|AC  0|TAMS 0x000000008f600000, 0x000000008f600000|
| 163|0x000000008f700000, 0x000000008f700000, 0x000000008f800000|  0%| F|  |TS 62|AC  0|TAMS 0x000000008f700000, 0x000000008f700000|
| 164|0x000000008f800000, 0x000000008f800000, 0x000000008f900000|  0%| F|  |TS 62|AC  0|TAMS 0x000000008f800000, 0x000000008f800000|
| 165|0x000000008f900000, 0x000000008f900000, 0x000000008fa00000|  0%| F|  |TS 62|AC  0|TAMS 0x000000008f900000, 0x000000008f900000|
| 166|0x000000008fa00000, 0x000000008fa00000, 0x000000008fb00000|  0%| F|  |TS 62|AC  0|TAMS 0x000000008fa00000, 0x000000008fa00000|
| 167|0x000000008fb00000, 0x000000008fb00000, 0x000000008fc00000|  0%| F|  |TS 62|AC  0|TAMS 0x000000008fb00000, 0x000000008fb00000|
| 168|0x000000008fc00000, 0x000000008fc00000, 0x000000008fd00000|  0%| F|  |TS 62|AC  0|TAMS 0x000000008fc00000, 0x000000008fc00000|
| 169|0x000000008fd00000, 0x000000008fd00000, 0x000000008fe00000|  0%| F|  |TS 62|AC  0|TAMS 0x000000008fd00000, 0x000000008fd00000|
| 170|0x000000008fe00000, 0x000000008fe00000, 0x000000008ff00000|  0%| F|  |TS 62|AC  0|TAMS 0x000000008fe00000, 0x000000008fe00000|
| 171|0x000000008ff00000, 0x000000008ff00000, 0x0000000090000000|  0%| F|  |TS 62|AC  0|TAMS 0x000000008ff00000, 0x000000008ff00000|
| 172|0x0000000090000000, 0x0000000090000000, 0x0000000090100000|  0%| F|  |TS 62|AC  0|TAMS 0x0000000090000000, 0x0000000090000000|
| 173|0x0000000090100000, 0x0000000090100000, 0x0000000090200000|  0%| F|  |TS 62|AC  0|TAMS 0x0000000090100000, 0x0000000090100000|
| 174|0x0000000090200000, 0x0000000090200000, 0x0000000090300000|  0%| F|  |TS 62|AC  0|TAMS 0x0000000090200000, 0x0000000090200000|
| 175|0x0000000090300000, 0x0000000090300000, 0x0000000090400000|  0%| F|  |TS 62|AC  0|TAMS 0x0000000090300000, 0x0000000090300000|
| 176|0x0000000090400000, 0x0000000090400000, 0x0000000090500000|  0%| F|  |TS 62|AC  0|TAMS 0x0000000090400000, 0x0000000090400000|
| 177|0x0000000090500000, 0x0000000090500000, 0x0000000090600000|  0%| F|  |TS 62|AC  0|TAMS 0x0000000090500000, 0x0000000090500000|
| 178|0x0000000090600000, 0x0000000090600000, 0x0000000090700000|  0%| F|  |TS 62|AC  0|TAMS 0x0000000090600000, 0x0000000090600000|
| 179|0x0000000090700000, 0x0000000090700000, 0x0000000090800000|  0%| F|  |TS 62|AC  0|TAMS 0x0000000090700000, 0x0000000090700000|
| 180|0x0000000090800000, 0x0000000090800000, 0x0000000090900000|  0%| F|  |TS 62|AC  0|TAMS 0x0000000090800000, 0x0000000090800000|
| 181|0x0000000090900000, 0x0000000090900000, 0x0000000090a00000|  0%| F|  |TS 62|AC  0|TAMS 0x0000000090900000, 0x0000000090900000|
| 182|0x0000000090a00000, 0x0000000090a00000, 0x0000000090b00000|  0%| F|  |TS 62|AC  0|TAMS 0x0000000090a00000, 0x0000000090a00000|
| 183|0x0000000090b00000, 0x0000000090b00000, 0x0000000090c00000|  0%| F|  |TS 62|AC  0|TAMS 0x0000000090b00000, 0x0000000090b00000|
| 184|0x0000000090c00000, 0x0000000090c00000, 0x0000000090d00000|  0%| F|  |TS 62|AC  0|TAMS 0x0000000090c00000, 0x0000000090c00000|
| 185|0x0000000090d00000, 0x0000000090d00000, 0x0000000090e00000|  0%| F|  |TS 62|AC  0|TAMS 0x0000000090d00000, 0x0000000090d00000|
| 186|0x0000000090e00000, 0x0000000090e00000, 0x0000000090f00000|  0%| F|  |TS 62|AC  0|TAMS 0x0000000090e00000, 0x0000000090e00000|
| 187|0x0000000090f00000, 0x0000000090f00000, 0x0000000091000000|  0%| F|  |TS 62|AC  0|TAMS 0x0000000090f00000, 0x0000000090f00000|
| 188|0x0000000091000000, 0x0000000091000000, 0x0000000091100000|  0%| F|  |TS 62|AC  0|TAMS 0x0000000091000000, 0x0000000091000000|
| 189|0x0000000091100000, 0x0000000091100000, 0x0000000091200000|  0%| F|  |TS 62|AC  0|TAMS 0x0000000091100000, 0x0000000091100000|
| 190|0x0000000091200000, 0x0000000091200000, 0x0000000091300000|  0%| F|  |TS 62|AC  0|TAMS 0x0000000091200000, 0x0000000091200000|
| 191|0x0000000091300000, 0x0000000091300000, 0x0000000091400000|  0%| F|  |TS 62|AC  0|TAMS 0x0000000091300000, 0x0000000091300000|
| 192|0x0000000091400000, 0x0000000091400000, 0x0000000091500000|  0%| F|  |TS 62|AC  0|TAMS 0x0000000091400000, 0x0000000091400000|
| 193|0x0000000091500000, 0x0000000091500000, 0x0000000091600000|  0%| F|  |TS 62|AC  0|TAMS 0x0000000091500000, 0x0000000091500000|
| 194|0x0000000091600000, 0x0000000091600000, 0x0000000091700000|  0%| F|  |TS 62|AC  0|TAMS 0x0000000091600000, 0x0000000091600000|
| 195|0x0000000091700000, 0x0000000091700000, 0x0000000091800000|  0%| F|  |TS 62|AC  0|TAMS 0x0000000091700000, 0x0000000091700000|
| 196|0x0000000091800000, 0x0000000091800000, 0x0000000091900000|  0%| F|  |TS 62|AC  0|TAMS 0x0000000091800000, 0x0000000091800000|
| 197|0x0000000091900000, 0x0000000091900000, 0x0000000091a00000|  0%| F|  |TS 62|AC  0|TAMS 0x0000000091900000, 0x0000000091900000|
| 198|0x0000000091a00000, 0x0000000091a00000, 0x0000000091b00000|  0%| F|  |TS 62|AC  0|TAMS 0x0000000091a00000, 0x0000000091a00000|
| 199|0x0000000091b00000, 0x0000000091b00000, 0x0000000091c00000|  0%| F|  |TS 62|AC  0|TAMS 0x0000000091b00000, 0x0000000091b00000|
| 200|0x0000000091c00000, 0x0000000091c00000, 0x0000000091d00000|  0%| F|  |TS 62|AC  0|TAMS 0x0000000091c00000, 0x0000000091c00000|
| 201|0x0000000091d00000, 0x0000000091d00000, 0x0000000091e00000|  0%| F|  |TS 62|AC  0|TAMS 0x0000000091d00000, 0x0000000091d00000|
| 202|0x0000000091e00000, 0x0000000091e00000, 0x0000000091f00000|  0%| F|  |TS 62|AC  0|TAMS 0x0000000091e00000, 0x0000000091e00000|
| 203|0x0000000091f00000, 0x0000000091f00000, 0x0000000092000000|  0%| F|  |TS 62|AC  0|TAMS 0x0000000091f00000, 0x0000000091f00000|
| 204|0x0000000092000000, 0x0000000092041e80, 0x0000000092100000| 25%| S|CS|TS 66|AC  0|TAMS 0x0000000092000000, 0x0000000092000000|
| 205|0x0000000092100000, 0x0000000092200000, 0x0000000092200000|100%| S|CS|TS 66|AC  0|TAMS 0x0000000092100000, 0x0000000092100000|
| 206|0x0000000092200000, 0x0000000092200000, 0x0000000092300000|  0%| F|  |TS 66|AC  0|TAMS 0x0000000092200000, 0x0000000092200000|
| 207|0x0000000092300000, 0x0000000092300000, 0x0000000092400000|  0%| F|  |TS 66|AC  0|TAMS 0x0000000092300000, 0x0000000092300000|
| 208|0x0000000092400000, 0x0000000092400000, 0x0000000092500000|  0%| F|  |TS 66|AC  0|TAMS 0x0000000092400000, 0x0000000092400000|
| 209|0x0000000092500000, 0x0000000092500000, 0x0000000092600000|  0%| F|  |TS 66|AC  0|TAMS 0x0000000092500000, 0x0000000092500000|
| 210|0x0000000092600000, 0x0000000092600000, 0x0000000092700000|  0%| F|  |TS 66|AC  0|TAMS 0x0000000092600000, 0x0000000092600000|
| 211|0x0000000092700000, 0x0000000092700000, 0x0000000092800000|  0%| F|  |TS 66|AC  0|TAMS 0x0000000092700000, 0x0000000092700000|
| 212|0x0000000092800000, 0x0000000092800000, 0x0000000092900000|  0%| F|  |TS 66|AC  0|TAMS 0x0000000092800000, 0x0000000092800000|
| 213|0x0000000092900000, 0x0000000092900000, 0x0000000092a00000|  0%| F|  |TS 66|AC  0|TAMS 0x0000000092900000, 0x0000000092900000|
| 214|0x0000000092a00000, 0x0000000092a00000, 0x0000000092b00000|  0%| F|  |TS 66|AC  0|TAMS 0x0000000092a00000, 0x0000000092a00000|
| 215|0x0000000092b00000, 0x0000000092b00000, 0x0000000092c00000|  0%| F|  |TS 66|AC  0|TAMS 0x0000000092b00000, 0x0000000092b00000|

Card table byte_map: [0x00007f6581503000,0x00007f65818d9000] byte_map_base: 0x00007f65810d9000

Marking Bits (Prev, Next): (CMBitMap*) 0x00007f657c055958, (CMBitMap*) 0x00007f657c055920
 Prev Bits: [0x00007f6552150000, 0x00007f6554000000)
 Next Bits: [0x00007f6561c77000, 0x00007f6563b27000)

Polling page: 0x00007f65863b0000

CodeHeap 'non-profiled nmethods': size=120032Kb used=4347Kb max_used=4347Kb free=115684Kb
 bounds [0x00007f656b5ef000, 0x00007f656ba2f000, 0x00007f6572b27000]
CodeHeap 'profiled nmethods': size=120032Kb used=10656Kb max_used=10656Kb free=109375Kb
 bounds [0x00007f65640b7000, 0x00007f6564b37000, 0x00007f656b5ef000]
CodeHeap 'non-nmethods': size=5696Kb used=1141Kb max_used=1219Kb free=4554Kb
 bounds [0x00007f6563b27000, 0x00007f6563d97000, 0x00007f65640b7000]
 total_blobs=7994 nmethods=4846 adapters=401
 compilation: enabled

Compilation events (10 events):
Event: 2769,550 Thread 0x00007f657c173800 5687       3       org.eclipse.jdt.internal.compiler.ast.FalseLiteral::literalType (4 bytes)
Event: 2769,550 Thread 0x00007f657c173800 nmethod 5687 0x00007f6564526a90 code [0x00007f6564526c40, 0x00007f6564526d90]
Event: 2769,550 Thread 0x00007f657c173800 5688       3       org.eclipse.jdt.internal.compiler.ast.FalseLiteral::computeConstant (9 bytes)
Event: 2769,551 Thread 0x00007f657c173800 nmethod 5688 0x00007f6564b29290 code [0x00007f6564b29460, 0x00007f6564b29690]
Event: 2769,597 Thread 0x00007f657c16f800 nmethod 5685 0x00007f656ba2d710 code [0x00007f656ba2d8c0, 0x00007f656ba2dc58]
Event: 2769,852 Thread 0x00007f657c173800 5701       3       org.eclipse.jdt.internal.compiler.lookup.AnnotationBinding::addStandardAnnotations (477 bytes)
Event: 2769,859 Thread 0x00007f657c173800 nmethod 5701 0x00007f6564b29790 code [0x00007f6564b29ca0, 0x00007f6564b2c8f8]
Event: 2769,859 Thread 0x00007f657c173800 5700       3       org.eclipse.jdt.internal.compiler.lookup.BinaryTypeBinding::retrieveAnnotations (33 bytes)
Event: 2769,861 Thread 0x00007f657c173800 nmethod 5700 0x00007f6564b2d690 code [0x00007f6564b2d940, 0x00007f6564b2e928]
Event: 2777,412 Thread 0x00007f657c173800 5702       3       org.eclipse.jdt.internal.compiler.batch.FileSystem::initializeModuleLocations (282 bytes)

GC Heap History (10 events):
Event: 2696,366 GC heap after
{Heap after GC invocations=65 (full 0):
 garbage-first heap   total 155648K, used 32497K [0x0000000085400000, 0x0000000100000000)
  region size 1024K, 2 young (2048K), 2 survivors (2048K)
 Metaspace       used 31294K, capacity 31981K, committed 32384K, reserved 1079296K
  class space    used 2900K, capacity 3172K, committed 3200K, reserved 1048576K
}
Event: 2703,032 GC heap before
{Heap before GC invocations=65 (full 0):
 garbage-first heap   total 155648K, used 37617K [0x0000000085400000, 0x0000000100000000)
  region size 1024K, 7 young (7168K), 2 survivors (2048K)
 Metaspace       used 31294K, capacity 31981K, committed 32384K, reserved 1079296K
  class space    used 2900K, capacity 3172K, committed 3200K, reserved 1048576K
}
Event: 2704,588 GC heap after
{Heap after GC invocations=66 (full 0):
 garbage-first heap   total 221184K, used 32512K [0x0000000085400000, 0x0000000100000000)
  region size 1024K, 1 young (1024K), 1 survivors (1024K)
 Metaspace       used 31294K, capacity 31981K, committed 32384K, reserved 1079296K
  class space    used 2900K, capacity 3172K, committed 3200K, reserved 1048576K
}
Event: 2718,882 GC heap before
{Heap before GC invocations=66 (full 0):
 garbage-first heap   total 221184K, used 41728K [0x0000000085400000, 0x0000000100000000)
  region size 1024K, 10 young (10240K), 1 survivors (1024K)
 Metaspace       used 31295K, capacity 31981K, committed 32384K, reserved 1079296K
  class space    used 2900K, capacity 3172K, committed 3200K, reserved 1048576K
}
Event: 2719,834 GC heap after
{Heap after GC invocations=67 (full 0):
 garbage-first heap   total 221184K, used 32435K [0x0000000085400000, 0x0000000100000000)
  region size 1024K, 1 young (1024K), 1 survivors (1024K)
 Metaspace       used 31295K, capacity 31981K, committed 32384K, reserved 1079296K
  class space    used 2900K, capacity 3172K, committed 3200K, reserved 1048576K
}
Event: 2739,193 GC heap before
{Heap before GC invocations=67 (full 0):
 garbage-first heap   total 221184K, used 41651K [0x0000000085400000, 0x0000000100000000)
  region size 1024K, 10 young (10240K), 1 survivors (1024K)
 Metaspace       used 31295K, capacity 31981K, committed 32384K, reserved 1079296K
  class space    used 2900K, capacity 3172K, committed 3200K, reserved 1048576K
}
Event: 2740,646 GC heap after
{Heap after GC invocations=68 (full 0):
 garbage-first heap   total 221184K, used 32582K [0x0000000085400000, 0x0000000100000000)
  region size 1024K, 1 young (1024K), 1 survivors (1024K)
 Metaspace       used 31295K, capacity 31981K, committed 32384K, reserved 1079296K
  class space    used 2900K, capacity 3172K, committed 3200K, reserved 1048576K
}
Event: 2765,164 GC heap before
{Heap before GC invocations=68 (full 0):
 garbage-first heap   total 221184K, used 41798K [0x0000000085400000, 0x0000000100000000)
  region size 1024K, 10 young (10240K), 1 survivors (1024K)
 Metaspace       used 31295K, capacity 31981K, committed 32384K, reserved 1079296K
  class space    used 2900K, capacity 3172K, committed 3200K, reserved 1048576K
}
Event: 2765,741 GC heap after
{Heap after GC invocations=69 (full 0):
 garbage-first heap   total 221184K, used 32836K [0x0000000085400000, 0x0000000100000000)
  region size 1024K, 1 young (1024K), 1 survivors (1024K)
 Metaspace       used 31295K, capacity 31981K, committed 32384K, reserved 1079296K
  class space    used 2900K, capacity 3172K, committed 3200K, reserved 1048576K
}
Event: 2778,628 GC heap before
{Heap before GC invocations=69 (full 0):
 garbage-first heap   total 221184K, used 42052K [0x0000000085400000, 0x0000000100000000)
  region size 1024K, 10 young (10240K), 1 survivors (1024K)
 Metaspace       used 31309K, capacity 31981K, committed 32384K, reserved 1079296K
  class space    used 2900K, capacity 3172K, committed 3200K, reserved 1048576K
}

Deoptimization events (10 events):
Event: 2111,304 Thread 0x00007f64f43e6000 Uncommon trap: reason=array_check action=maybe_recompile pc=0x00007f656b9be1cc method=java.util.TimSort.binarySort([Ljava/lang/Object;IIILjava/util/Comparator;)V @ 215 c2
Event: 2111,306 Thread 0x00007f64f43e6000 Uncommon trap: reason=array_check action=maybe_recompile pc=0x00007f656b9be50c method=java.util.TimSort.binarySort([Ljava/lang/Object;IIILjava/util/Comparator;)V @ 183 c2
Event: 2111,307 Thread 0x00007f64f43e6000 Uncommon trap: reason=array_check action=maybe_recompile pc=0x00007f656b9be3c0 method=java.util.TimSort.binarySort([Ljava/lang/Object;IIILjava/util/Comparator;)V @ 193 c2
Event: 2136,830 Thread 0x00007f64f43e6000 Uncommon trap: reason=array_check action=maybe_recompile pc=0x00007f656b9be1cc method=java.util.TimSort.binarySort([Ljava/lang/Object;IIILjava/util/Comparator;)V @ 215 c2
Event: 2138,409 Thread 0x00007f64f43e6000 Uncommon trap: reason=array_check action=maybe_recompile pc=0x00007f656b9c1ea0 method=java.util.TimSort.reverseRange([Ljava/lang/Object;II)V @ 20 c2
Event: 2207,634 Thread 0x00007f64f43e6000 Uncommon trap: reason=array_check action=maybe_recompile pc=0x00007f656b9c1ea0 method=java.util.TimSort.reverseRange([Ljava/lang/Object;II)V @ 20 c2
Event: 2208,009 Thread 0x00007f64f43e6000 Uncommon trap: reason=array_check action=maybe_recompile pc=0x00007f656b9c1ea0 method=java.util.TimSort.reverseRange([Ljava/lang/Object;II)V @ 20 c2
Event: 2208,727 Thread 0x00007f64f43e6000 Uncommon trap: reason=array_check action=maybe_recompile pc=0x00007f656b9c1ea0 method=java.util.TimSort.reverseRange([Ljava/lang/Object;II)V @ 20 c2
Event: 2271,717 Thread 0x00007f64f43e6000 Uncommon trap: reason=array_check action=maybe_recompile pc=0x00007f656b9e6984 method=java.util.TimSort.reverseRange([Ljava/lang/Object;II)V @ 27 c2
Event: 2272,016 Thread 0x00007f64f43e6000 Uncommon trap: reason=array_check action=maybe_recompile pc=0x00007f656b9e6984 method=java.util.TimSort.reverseRange([Ljava/lang/Object;II)V @ 27 c2

Classes redefined (0 events):
No events

Internal exceptions (10 events):
Event: 87,599 Thread 0x00007f64f43e6000 Exception <a 'java/lang/ArrayIndexOutOfBoundsException'{0x000000008c5e58a0}> (0x000000008c5e58a0) thrown at [/build/openjdk-lts-tXWsoM/openjdk-lts-10.0.1+10/src/hotspot/share/runtime/sharedRuntime.cpp, line 600]
Event: 87,633 Thread 0x00007f64f43e6000 Exception <a 'java/lang/NoSuchMethodError'{0x000000008bbb4868}: java.lang.invoke.DirectMethodHandle$Holder.invokeSpecial(Ljava/lang/Object;Ljava/lang/Object;Ljava/lang/Object;Ljava/lang/Object;Ljava/lang/Object;Ljava/lang/Object;Ljava/lang/Object;Ljava/la
Event: 202,501 Thread 0x00007f64f43e6000 Exception <a 'java/lang/ArrayIndexOutOfBoundsException'{0x0000000089d79bc8}> (0x0000000089d79bc8) thrown at [/build/openjdk-lts-tXWsoM/openjdk-lts-10.0.1+10/src/hotspot/share/runtime/sharedRuntime.cpp, line 600]
Event: 256,904 Thread 0x00007f64fc888000 Exception <a 'java/lang/ArrayIndexOutOfBoundsException'{0x000000008c290fb0}> (0x000000008c290fb0) thrown at [/build/openjdk-lts-tXWsoM/openjdk-lts-10.0.1+10/src/hotspot/share/runtime/sharedRuntime.cpp, line 600]
Event: 282,222 Thread 0x00007f64fc888000 Exception <a 'java/lang/ArrayIndexOutOfBoundsException'{0x000000008b17e3d8}> (0x000000008b17e3d8) thrown at [/build/openjdk-lts-tXWsoM/openjdk-lts-10.0.1+10/src/hotspot/share/runtime/sharedRuntime.cpp, line 600]
Event: 362,579 Thread 0x00007f64fc888000 Exception <a 'java/lang/ArrayIndexOutOfBoundsException'{0x00000000894cc390}: 2863> (0x00000000894cc390) thrown at [/build/openjdk-lts-tXWsoM/openjdk-lts-10.0.1+10/src/hotspot/share/interpreter/interpreterRuntime.cpp, line 372]
Event: 540,734 Thread 0x00007f64fc7fb800 Exception <a 'java/lang/NoSuchMethodError'{0x000000008bd340b0}: java.lang.Object.lambda$static$0(Lorg/eclipse/jdt/core/dom/ASTNode;)Z> (0x000000008bd340b0) thrown at [/build/openjdk-lts-tXWsoM/openjdk-lts-10.0.1+10/src/hotspot/share/interpreter/linkResolv
Event: 540,735 Thread 0x00007f64fc7fb800 Exception <a 'java/lang/NoSuchMethodError'{0x000000008bc018b8}: java.lang.invoke.DirectMethodHandle$Holder.invokeSpecial(Ljava/lang/Object;Ljava/lang/Object;ILjava/lang/Object;Ljava/lang/Object;)Ljava/lang/Object;> (0x000000008bc018b8) thrown at [/build/o
Event: 540,735 Thread 0x00007f64fc7fb800 Exception <a 'java/lang/NoSuchMethodError'{0x000000008bc094e0}: java.lang.invoke.DirectMethodHandle$Holder.invokeStatic(Ljava/lang/Object;Ljava/lang/Object;ILjava/lang/Object;)Ljava/lang/Object;> (0x000000008bc094e0) thrown at [/build/openjdk-lts-tXWsoM/o
Event: 540,735 Thread 0x00007f64fc7fb800 Exception <a 'java/lang/NoSuchMethodError'{0x000000008bc0c900}: java.lang.invoke.DirectMethodHandle$Holder.invokeSpecial(Ljava/lang/Object;Ljava/lang/Object;Ljava/lang/Object;ILjava/lang/Object;)Ljava/lang/Object;> (0x000000008bc0c900) thrown at [/build/o

Events (10 events):
Event: 2696,366 Executing VM operation: G1IncCollectionPause done
Event: 2702,429 Executing VM operation: G1IncCollectionPause
Event: 2704,588 Executing VM operation: G1IncCollectionPause done
Event: 2718,598 Executing VM operation: G1IncCollectionPause
Event: 2719,834 Executing VM operation: G1IncCollectionPause done
Event: 2738,782 Executing VM operation: G1IncCollectionPause
Event: 2740,646 Executing VM operation: G1IncCollectionPause done
Event: 2764,464 Executing VM operation: G1IncCollectionPause
Event: 2765,741 Executing VM operation: G1IncCollectionPause done
Event: 2778,323 Executing VM operation: G1IncCollectionPause


Dynamic libraries:
85400000-92c00000 rw-p 00000000 00:00 0 
9bc00000-100000000 ---p 00000000 00:00 0 
100000000-100320000 rw-p 00000000 00:00 0 
100320000-140000000 ---p 00000000 00:00 0 
560027e16000-560027e17000 r-xp 00000000 08:03 4065772                    /usr/lib/jvm/java-11-openjdk-amd64/bin/java
560028017000-560028018000 r--p 00001000 08:03 4065772                    /usr/lib/jvm/java-11-openjdk-amd64/bin/java
560028018000-560028019000 rw-p 00002000 08:03 4065772                    /usr/lib/jvm/java-11-openjdk-amd64/bin/java
5600285a8000-5600285c9000 rw-p 00000000 00:00 0                          [heap]
7f64d4000000-7f64d4021000 rw-p 00000000 00:00 0 
7f64d4021000-7f64d8000000 ---p 00000000 00:00 0 
7f64d8000000-7f64d80ce000 rw-p 00000000 00:00 0 
7f64d80ce000-7f64dc000000 ---p 00000000 00:00 0 
7f64dc000000-7f64dc4d3000 rw-p 00000000 00:00 0 
7f64dc4d3000-7f64e0000000 ---p 00000000 00:00 0 
7f64e2b27000-7f64ec000000 r--s 00000000 08:03 2238489                    /usr/lib/jvm/java-11-openjdk-amd64/lib/modules
7f64ec000000-7f64ed1e9000 rw-p 00000000 00:00 0 
7f64ed1e9000-7f64f0000000 ---p 00000000 00:00 0 
7f64f0000000-7f64f00e3000 rw-p 00000000 00:00 0 
7f64f00e3000-7f64f4000000 ---p 00000000 00:00 0 
7f64f4000000-7f64f4592000 rw-p 00000000 00:00 0 
7f64f4592000-7f64f8000000 ---p 00000000 00:00 0 
7f64f8000000-7f64f86fe000 rw-p 00000000 00:00 0 
7f64f86fe000-7f64fc000000 ---p 00000000 00:00 0 
7f64fc000000-7f64fc921000 rw-p 00000000 00:00 0 
7f64fc921000-7f6500000000 ---p 00000000 00:00 0 
7f6500000000-7f6500021000 rw-p 00000000 00:00 0 
7f6500021000-7f6504000000 ---p 00000000 00:00 0 
7f6505f20000-7f6505fa0000 rw-p 00000000 00:00 0 
7f6505fa0000-7f6506124000 ---p 00000000 00:00 0 
7f6506124000-7f6506221000 rw-p 00000000 00:00 0 
7f6506221000-7f6506225000 ---p 00000000 00:00 0 
7f6506225000-7f6506522000 rw-p 00000000 00:00 0 
7f6506522000-7f6506722000 rw-p 00000000 00:00 0 
7f6506729000-7f6506929000 rw-p 00000000 00:00 0 
7f6506929000-7f6506b29000 rw-p 00000000 00:00 0 
7f6506bf6000-7f6506bfa000 ---p 00000000 00:00 0 
7f6506bfa000-7f6506ef7000 rw-p 00000000 00:00 0 
7f6506ef7000-7f65070f7000 rw-p 00000000 00:00 0 
7f65070f7000-7f65070fb000 ---p 00000000 00:00 0 
7f65070fb000-7f65071f8000 rw-p 00000000 00:00 0 
7f65071f8000-7f65071fc000 ---p 00000000 00:00 0 
7f65071fc000-7f65072f9000 rw-p 00000000 00:00 0 
7f65072f9000-7f65072fc000 r-xp 00000000 08:03 2229660                    /usr/lib/jvm/java-11-openjdk-amd64/lib/libattach.so
7f65072fc000-7f65074fb000 ---p 00003000 08:03 2229660                    /usr/lib/jvm/java-11-openjdk-amd64/lib/libattach.so
7f65074fb000-7f65074fc000 r--p 00002000 08:03 2229660                    /usr/lib/jvm/java-11-openjdk-amd64/lib/libattach.so
7f65074fc000-7f65074fd000 rw-p 00003000 08:03 2229660                    /usr/lib/jvm/java-11-openjdk-amd64/lib/libattach.so
7f65074fd000-7f65076fd000 rw-p 00000000 00:00 0 
7f65076fd000-7f6507701000 ---p 00000000 00:00 0 
7f6507701000-7f65079fe000 rw-p 00000000 00:00 0 
7f65079fe000-7f6507bfe000 rw-p 00000000 00:00 0 
7f6507bfe000-7f6507bff000 r-xp 00000000 08:03 2229670                    /usr/lib/jvm/java-11-openjdk-amd64/lib/libextnet.so
7f6507bff000-7f6507dfe000 ---p 00001000 08:03 2229670                    /usr/lib/jvm/java-11-openjdk-amd64/lib/libextnet.so
7f6507dfe000-7f6507dff000 r--p 00000000 08:03 2229670                    /usr/lib/jvm/java-11-openjdk-amd64/lib/libextnet.so
7f6507dff000-7f6507e00000 rw-p 00001000 08:03 2229670                    /usr/lib/jvm/java-11-openjdk-amd64/lib/libextnet.so
7f6507e00000-7f6508000000 rw-p 00000000 00:00 0 
7f6508000000-7f6508021000 rw-p 00000000 00:00 0 
7f6508021000-7f650c000000 ---p 00000000 00:00 0 
7f650c000000-7f650c021000 rw-p 00000000 00:00 0 
7f650c021000-7f6510000000 ---p 00000000 00:00 0 
7f6510000000-7f65108a6000 rw-p 00000000 00:00 0 
7f65108a6000-7f6514000000 ---p 00000000 00:00 0 
7f6514000000-7f6514051000 rw-p 00000000 00:00 0 
7f6514051000-7f6518000000 ---p 00000000 00:00 0 
7f6518000000-7f651c000000 rw-p 00000000 00:00 0 
7f651c000000-7f651ed03000 rw-p 00000000 00:00 0 
7f651ed03000-7f6520000000 ---p 00000000 00:00 0 
7f6520000000-7f6520021000 rw-p 00000000 00:00 0 
7f6520021000-7f6524000000 ---p 00000000 00:00 0 
7f6524000000-7f6524021000 rw-p 00000000 00:00 0 
7f6524021000-7f6528000000 ---p 00000000 00:00 0 
7f6528000000-7f65280e3000 rw-p 00000000 00:00 0 
7f65280e3000-7f652c000000 ---p 00000000 00:00 0 
7f652c000000-7f652c021000 rw-p 00000000 00:00 0 
7f652c021000-7f6530000000 ---p 00000000 00:00 0 
7f6530000000-7f6530021000 rw-p 00000000 00:00 0 
7f6530021000-7f6534000000 ---p 00000000 00:00 0 
7f6534000000-7f6534021000 rw-p 00000000 00:00 0 
7f6534021000-7f6538000000 ---p 00000000 00:00 0 
7f6538000000-7f6538021000 rw-p 00000000 00:00 0 
7f6538021000-7f653c000000 ---p 00000000 00:00 0 
7f653c000000-7f653c021000 rw-p 00000000 00:00 0 
7f653c021000-7f6540000000 ---p 00000000 00:00 0 
7f6540000000-7f6540021000 rw-p 00000000 00:00 0 
7f6540021000-7f6544000000 ---p 00000000 00:00 0 
7f6544000000-7f6544021000 rw-p 00000000 00:00 0 
7f6544021000-7f6548000000 ---p 00000000 00:00 0 
7f6548000000-7f6548021000 rw-p 00000000 00:00 0 
7f6548021000-7f654c000000 ---p 00000000 00:00 0 
7f654c000000-7f654c021000 rw-p 00000000 00:00 0 
7f654c021000-7f6550000000 ---p 00000000 00:00 0 
7f655004f000-7f6550053000 ---p 00000000 00:00 0 
7f6550053000-7f65524b0000 rw-p 00000000 00:00 0 
7f65524b0000-7f6554000000 ---p 00000000 00:00 0 
7f6554000000-7f6554021000 rw-p 00000000 00:00 0 
7f6554021000-7f6558000000 ---p 00000000 00:00 0 
7f6558000000-7f6558025000 rw-p 00000000 00:00 0 
7f6558025000-7f655c000000 ---p 00000000 00:00 0 
7f655c000000-7f655c021000 rw-p 00000000 00:00 0 
7f655c021000-7f6560000000 ---p 00000000 00:00 0 
7f6560077000-7f656008d000 r-xp 00000000 08:03 2238479                    /usr/lib/jvm/java-11-openjdk-amd64/lib/libnet.so
7f656008d000-7f656028d000 ---p 00016000 08:03 2238479                    /usr/lib/jvm/java-11-openjdk-amd64/lib/libnet.so
7f656028d000-7f656028e000 r--p 00016000 08:03 2238479                    /usr/lib/jvm/java-11-openjdk-amd64/lib/libnet.so
7f656028e000-7f656028f000 rw-p 00017000 08:03 2238479                    /usr/lib/jvm/java-11-openjdk-amd64/lib/libnet.so
7f656028f000-7f65602a0000 r-xp 00000000 08:03 2238480                    /usr/lib/jvm/java-11-openjdk-amd64/lib/libnio.so
7f65602a0000-7f656049f000 ---p 00011000 08:03 2238480                    /usr/lib/jvm/java-11-openjdk-amd64/lib/libnio.so
7f656049f000-7f65604a0000 r--p 00010000 08:03 2238480                    /usr/lib/jvm/java-11-openjdk-amd64/lib/libnio.so
7f65604a0000-7f65604a1000 rw-p 00011000 08:03 2238480                    /usr/lib/jvm/java-11-openjdk-amd64/lib/libnio.so
7f65604a1000-7f65604a5000 ---p 00000000 00:00 0 
7f65604a5000-7f65605a2000 rw-p 00000000 00:00 0 
7f65605a2000-7f65605a3000 ---p 00000000 00:00 0 
7f65605a3000-7f65606a4000 rw-p 00000000 00:00 0 
7f65606a4000-7f65606a8000 ---p 00000000 00:00 0 
7f65606a8000-7f65607a5000 rw-p 00000000 00:00 0 
7f65607a5000-7f65607a9000 ---p 00000000 00:00 0 
7f65607a9000-7f65608a6000 rw-p 00000000 00:00 0 
7f65608a6000-7f65608aa000 ---p 00000000 00:00 0 
7f65608aa000-7f65609a7000 rw-p 00000000 00:00 0 
7f65609a7000-7f65609ab000 ---p 00000000 00:00 0 
7f65609ab000-7f6560aa8000 rw-p 00000000 00:00 0 
7f6560aa8000-7f6561477000 r--p 00000000 08:03 2234961                    /usr/lib/locale/locale-archive
7f6561477000-7f6561fd7000 rw-p 00000000 00:00 0 
7f6561fd7000-7f6563b27000 ---p 00000000 00:00 0 
7f6563b27000-7f6563d97000 rwxp 00000000 00:00 0 
7f6563d97000-7f65640b7000 ---p 00000000 00:00 0 
7f65640b7000-7f6564b37000 rwxp 00000000 00:00 0 
7f6564b37000-7f656b5ef000 ---p 00000000 00:00 0 
7f656b5ef000-7f656ba2f000 rwxp 00000000 00:00 0 
7f656ba2f000-7f6572b27000 ---p 00000000 00:00 0 
7f6572b27000-7f657c000000 r--s 00000000 08:03 2238489                    /usr/lib/jvm/java-11-openjdk-amd64/lib/modules
7f657c000000-7f657df4f000 rw-p 00000000 00:00 0 
7f657df4f000-7f6580000000 ---p 00000000 00:00 0 
7f6580044000-7f6580048000 ---p 00000000 00:00 0 
7f6580048000-7f6580145000 rw-p 00000000 00:00 0 
7f6580145000-7f6580149000 ---p 00000000 00:00 0 
7f6580149000-7f6580246000 rw-p 00000000 00:00 0 
7f6580246000-7f658024a000 ---p 00000000 00:00 0 
7f658024a000-7f6580347000 rw-p 00000000 00:00 0 
7f6580347000-7f658034b000 ---p 00000000 00:00 0 
7f658034b000-7f6580448000 rw-p 00000000 00:00 0 
7f6580448000-7f6580449000 ---p 00000000 00:00 0 
7f6580449000-7f658061b000 rw-p 00000000 00:00 0 
7f658061b000-7f658061c000 ---p 00000000 00:00 0 
7f658061c000-7f658071d000 rw-p 00000000 00:00 0 
7f658071d000-7f658071e000 ---p 00000000 00:00 0 
7f658071e000-7f658081f000 rw-p 00000000 00:00 0 
7f658081f000-7f6580820000 ---p 00000000 00:00 0 
7f6580820000-7f6580921000 rw-p 00000000 00:00 0 
7f6580921000-7f6580922000 ---p 00000000 00:00 0 
7f6580922000-7f6580a23000 rw-p 00000000 00:00 0 
7f6580a23000-7f6580a24000 ---p 00000000 00:00 0 
7f6580a24000-7f6580f29000 rw-p 00000000 00:00 0 
7f6580f29000-7f6580f2a000 ---p 00000000 00:00 0 
7f6580f2a000-7f658102b000 rw-p 00000000 00:00 0 
7f658102b000-7f658102c000 ---p 00000000 00:00 0 
7f658102c000-7f6581199000 rw-p 00000000 00:00 0 
7f6581199000-7f6581503000 ---p 00000000 00:00 0 
7f6581503000-7f658156f000 rw-p 00000000 00:00 0 
7f658156f000-7f65818d9000 ---p 00000000 00:00 0 
7f65818d9000-7f6581945000 rw-p 00000000 00:00 0 
7f6581945000-7f6581caf000 ---p 00000000 00:00 0 
7f6581caf000-7f65820b3000 rw-p 00000000 00:00 0 
7f65820b3000-7f65820b4000 ---p 00000000 00:00 0 
7f65820b4000-7f65821b5000 rw-p 00000000 00:00 0 
7f65821b5000-7f65821b6000 ---p 00000000 00:00 0 
7f65821b6000-7f65822b7000 rw-p 00000000 00:00 0 
7f65822b7000-7f65822b8000 ---p 00000000 00:00 0 
7f65822b8000-7f65823b9000 rw-p 00000000 00:00 0 
7f65823b9000-7f65823ba000 ---p 00000000 00:00 0 
7f65823ba000-7f65824c4000 rw-p 00000000 00:00 0 
7f65824c4000-7f65825a6000 ---p 00000000 00:00 0 
7f65825a6000-7f65825bb000 rw-p 00000000 00:00 0 
7f65825bb000-7f6582691000 ---p 00000000 00:00 0 
7f6582691000-7f6582696000 r-xp 00000000 08:03 2238471                    /usr/lib/jvm/java-11-openjdk-amd64/lib/libjimage.so
7f6582696000-7f6582895000 ---p 00005000 08:03 2238471                    /usr/lib/jvm/java-11-openjdk-amd64/lib/libjimage.so
7f6582895000-7f6582896000 r--p 00004000 08:03 2238471                    /usr/lib/jvm/java-11-openjdk-amd64/lib/libjimage.so
7f6582896000-7f6582897000 rw-p 00005000 08:03 2238471                    /usr/lib/jvm/java-11-openjdk-amd64/lib/libjimage.so
7f6582897000-7f658289e000 r-xp 00000000 08:03 2238488                    /usr/lib/jvm/java-11-openjdk-amd64/lib/libzip.so
7f658289e000-7f6582a9d000 ---p 00007000 08:03 2238488                    /usr/lib/jvm/java-11-openjdk-amd64/lib/libzip.so
7f6582a9d000-7f6582a9e000 r--p 00006000 08:03 2238488                    /usr/lib/jvm/java-11-openjdk-amd64/lib/libzip.so
7f6582a9e000-7f6582a9f000 rw-p 00007000 08:03 2238488                    /usr/lib/jvm/java-11-openjdk-amd64/lib/libzip.so
7f6582a9f000-7f6582aaa000 r-xp 00000000 08:03 529044                     /lib/x86_64-linux-gnu/libnss_files-2.27.so
7f6582aaa000-7f6582ca9000 ---p 0000b000 08:03 529044                     /lib/x86_64-linux-gnu/libnss_files-2.27.so
7f6582ca9000-7f6582caa000 r--p 0000a000 08:03 529044                     /lib/x86_64-linux-gnu/libnss_files-2.27.so
7f6582caa000-7f6582cab000 rw-p 0000b000 08:03 529044                     /lib/x86_64-linux-gnu/libnss_files-2.27.so
7f6582cab000-7f6582cb1000 rw-p 00000000 00:00 0 
7f6582cb1000-7f6582cc8000 r-xp 00000000 08:03 529038                     /lib/x86_64-linux-gnu/libnsl-2.27.so
7f6582cc8000-7f6582ec7000 ---p 00017000 08:03 529038                     /lib/x86_64-linux-gnu/libnsl-2.27.so
7f6582ec7000-7f6582ec8000 r--p 00016000 08:03 529038                     /lib/x86_64-linux-gnu/libnsl-2.27.so
7f6582ec8000-7f6582ec9000 rw-p 00017000 08:03 529038                     /lib/x86_64-linux-gnu/libnsl-2.27.so
7f6582ec9000-7f6582ecb000 rw-p 00000000 00:00 0 
7f6582ecb000-7f6582ed6000 r-xp 00000000 08:03 529055                     /lib/x86_64-linux-gnu/libnss_nis-2.27.so
7f6582ed6000-7f65830d5000 ---p 0000b000 08:03 529055                     /lib/x86_64-linux-gnu/libnss_nis-2.27.so
7f65830d5000-7f65830d6000 r--p 0000a000 08:03 529055                     /lib/x86_64-linux-gnu/libnss_nis-2.27.so
7f65830d6000-7f65830d7000 rw-p 0000b000 08:03 529055                     /lib/x86_64-linux-gnu/libnss_nis-2.27.so
7f65830d7000-7f65830df000 r-xp 00000000 08:03 529040                     /lib/x86_64-linux-gnu/libnss_compat-2.27.so
7f65830df000-7f65832df000 ---p 00008000 08:03 529040                     /lib/x86_64-linux-gnu/libnss_compat-2.27.so
7f65832df000-7f65832e0000 r--p 00008000 08:03 529040                     /lib/x86_64-linux-gnu/libnss_compat-2.27.so
7f65832e0000-7f65832e1000 rw-p 00009000 08:03 529040                     /lib/x86_64-linux-gnu/libnss_compat-2.27.so
7f65832e1000-7f658330d000 r-xp 00000000 08:03 2236979                    /usr/lib/jvm/java-11-openjdk-amd64/lib/libjava.so
7f658330d000-7f658350c000 ---p 0002c000 08:03 2236979                    /usr/lib/jvm/java-11-openjdk-amd64/lib/libjava.so
7f658350c000-7f658350d000 r--p 0002b000 08:03 2236979                    /usr/lib/jvm/java-11-openjdk-amd64/lib/libjava.so
7f658350d000-7f658350f000 rw-p 0002c000 08:03 2236979                    /usr/lib/jvm/java-11-openjdk-amd64/lib/libjava.so
7f658350f000-7f658351c000 r-xp 00000000 08:03 2238487                    /usr/lib/jvm/java-11-openjdk-amd64/lib/libverify.so
7f658351c000-7f658371b000 ---p 0000d000 08:03 2238487                    /usr/lib/jvm/java-11-openjdk-amd64/lib/libverify.so
7f658371b000-7f658371d000 r--p 0000c000 08:03 2238487                    /usr/lib/jvm/java-11-openjdk-amd64/lib/libverify.so
7f658371d000-7f658371e000 rw-p 0000e000 08:03 2238487                    /usr/lib/jvm/java-11-openjdk-amd64/lib/libverify.so
7f658371e000-7f6583725000 r-xp 00000000 08:03 529095                     /lib/x86_64-linux-gnu/librt-2.27.so
7f6583725000-7f6583924000 ---p 00007000 08:03 529095                     /lib/x86_64-linux-gnu/librt-2.27.so
7f6583924000-7f6583925000 r--p 00006000 08:03 529095                     /lib/x86_64-linux-gnu/librt-2.27.so
7f6583925000-7f6583926000 rw-p 00007000 08:03 529095                     /lib/x86_64-linux-gnu/librt-2.27.so
7f6583926000-7f658393d000 r-xp 00000000 08:03 528991                     /lib/x86_64-linux-gnu/libgcc_s.so.1
7f658393d000-7f6583b3c000 ---p 00017000 08:03 528991                     /lib/x86_64-linux-gnu/libgcc_s.so.1
7f6583b3c000-7f6583b3d000 r--p 00016000 08:03 528991                     /lib/x86_64-linux-gnu/libgcc_s.so.1
7f6583b3d000-7f6583b3e000 rw-p 00017000 08:03 528991                     /lib/x86_64-linux-gnu/libgcc_s.so.1
7f6583b3e000-7f6583cdb000 r-xp 00000000 08:03 529017                     /lib/x86_64-linux-gnu/libm-2.27.so
7f6583cdb000-7f6583eda000 ---p 0019d000 08:03 529017                     /lib/x86_64-linux-gnu/libm-2.27.so
7f6583eda000-7f6583edb000 r--p 0019c000 08:03 529017                     /lib/x86_64-linux-gnu/libm-2.27.so
7f6583edb000-7f6583edc000 rw-p 0019d000 08:03 529017                     /lib/x86_64-linux-gnu/libm-2.27.so
7f6583edc000-7f658405a000 r-xp 00000000 08:03 2237001                    /usr/lib/x86_64-linux-gnu/libstdc++.so.6.0.25
7f658405a000-7f658425a000 ---p 0017e000 08:03 2237001                    /usr/lib/x86_64-linux-gnu/libstdc++.so.6.0.25
7f658425a000-7f6584264000 r--p 0017e000 08:03 2237001                    /usr/lib/x86_64-linux-gnu/libstdc++.so.6.0.25
7f6584264000-7f6584266000 rw-p 00188000 08:03 2237001                    /usr/lib/x86_64-linux-gnu/libstdc++.so.6.0.25
7f6584266000-7f658426a000 rw-p 00000000 00:00 0 
7f658426a000-7f6585207000 r-xp 00000000 08:03 2238492                    /usr/lib/jvm/java-11-openjdk-amd64/lib/server/libjvm.so
7f6585207000-7f6585407000 ---p 00f9d000 08:03 2238492                    /usr/lib/jvm/java-11-openjdk-amd64/lib/server/libjvm.so
7f6585407000-7f65854cb000 r--p 00f9d000 08:03 2238492                    /usr/lib/jvm/java-11-openjdk-amd64/lib/server/libjvm.so
7f65854cb000-7f6585503000 rw-p 01061000 08:03 2238492                    /usr/lib/jvm/java-11-openjdk-amd64/lib/server/libjvm.so
7f6585503000-7f658554c000 rw-p 00000000 00:00 0 
7f658554c000-7f6585566000 r-xp 00000000 08:03 529087                     /lib/x86_64-linux-gnu/libpthread-2.27.so
7f6585566000-7f6585765000 ---p 0001a000 08:03 529087                     /lib/x86_64-linux-gnu/libpthread-2.27.so
7f6585765000-7f6585766000 r--p 00019000 08:03 529087                     /lib/x86_64-linux-gnu/libpthread-2.27.so
7f6585766000-7f6585767000 rw-p 0001a000 08:03 529087                     /lib/x86_64-linux-gnu/libpthread-2.27.so
7f6585767000-7f658576b000 rw-p 00000000 00:00 0 
7f658576b000-7f658576e000 r-xp 00000000 08:03 528977                     /lib/x86_64-linux-gnu/libdl-2.27.so
7f658576e000-7f658596d000 ---p 00003000 08:03 528977                     /lib/x86_64-linux-gnu/libdl-2.27.so
7f658596d000-7f658596e000 r--p 00002000 08:03 528977                     /lib/x86_64-linux-gnu/libdl-2.27.so
7f658596e000-7f658596f000 rw-p 00003000 08:03 528977                     /lib/x86_64-linux-gnu/libdl-2.27.so
7f658596f000-7f658598b000 r-xp 00000000 08:03 529126                     /lib/x86_64-linux-gnu/libz.so.1.2.11
7f658598b000-7f6585b8a000 ---p 0001c000 08:03 529126                     /lib/x86_64-linux-gnu/libz.so.1.2.11
7f6585b8a000-7f6585b8b000 r--p 0001b000 08:03 529126                     /lib/x86_64-linux-gnu/libz.so.1.2.11
7f6585b8b000-7f6585b8c000 rw-p 0001c000 08:03 529126                     /lib/x86_64-linux-gnu/libz.so.1.2.11
7f6585b8c000-7f6585d73000 r-xp 00000000 08:03 528954                     /lib/x86_64-linux-gnu/libc-2.27.so
7f6585d73000-7f6585f73000 ---p 001e7000 08:03 528954                     /lib/x86_64-linux-gnu/libc-2.27.so
7f6585f73000-7f6585f77000 r--p 001e7000 08:03 528954                     /lib/x86_64-linux-gnu/libc-2.27.so
7f6585f77000-7f6585f79000 rw-p 001eb000 08:03 528954                     /lib/x86_64-linux-gnu/libc-2.27.so
7f6585f79000-7f6585f7d000 rw-p 00000000 00:00 0 
7f6585f7d000-7f6585f8c000 r-xp 00000000 08:03 4851169                    /usr/lib/jvm/java-11-openjdk-amd64/lib/jli/libjli.so
7f6585f8c000-7f658618b000 ---p 0000f000 08:03 4851169                    /usr/lib/jvm/java-11-openjdk-amd64/lib/jli/libjli.so
7f658618b000-7f658618c000 r--p 0000e000 08:03 4851169                    /usr/lib/jvm/java-11-openjdk-amd64/lib/jli/libjli.so
7f658618c000-7f658618d000 rw-p 0000f000 08:03 4851169                    /usr/lib/jvm/java-11-openjdk-amd64/lib/jli/libjli.so
7f658618d000-7f65861b4000 r-xp 00000000 08:03 528926                     /lib/x86_64-linux-gnu/ld-2.27.so
7f65861d7000-7f6586294000 rw-p 00000000 00:00 0 
7f6586294000-7f6586298000 ---p 00000000 00:00 0 
7f6586298000-7f6586397000 rw-p 00000000 00:00 0 
7f658639b000-7f65863a1000 rw-p 00000000 00:00 0 
7f65863a1000-7f65863a8000 ---p 00000000 00:00 0 
7f65863a8000-7f65863b0000 rw-s 00000000 08:03 29491983                   /tmp/hsperfdata_m/16173
7f65863b0000-7f65863b1000 ---p 00000000 00:00 0 
7f65863b1000-7f65863b2000 r--p 00000000 00:00 0 
7f65863b2000-7f65863b4000 rw-p 00000000 00:00 0 
7f65863b4000-7f65863b5000 r--p 00027000 08:03 528926                     /lib/x86_64-linux-gnu/ld-2.27.so
7f65863b5000-7f65863b6000 rw-p 00028000 08:03 528926                     /lib/x86_64-linux-gnu/ld-2.27.so
7f65863b6000-7f65863b7000 rw-p 00000000 00:00 0 
7ffdfa019000-7ffdfa03a000 rw-p 00000000 00:00 0                          [stack]
7ffdfa096000-7ffdfa099000 r--p 00000000 00:00 0                          [vvar]
7ffdfa099000-7ffdfa09b000 r-xp 00000000 00:00 0                          [vdso]
ffffffffff600000-ffffffffff601000 r-xp 00000000 00:00 0                  [vsyscall]


VM Arguments:
jvm_args: -Dspring.lsp.client-port=45556 -Dserver.port=45556 -Dsts.lsp.client=vscode -Dsts.log.file=/tmp/vscode-spring-boot-1532478136986.log 
java_command: /home/m/.vscode/extensions/pivotal.vscode-spring-boot-0.4.0/jars/spring-boot-language-server-0.4.0-SNAPSHOT.jar
java_class_path (initial): /home/m/.vscode/extensions/pivotal.vscode-spring-boot-0.4.0/jars/spring-boot-language-server-0.4.0-SNAPSHOT.jar
Launcher Type: SUN_STANDARD

Logging:
Log output configuration:
#0: stdout all=warning uptime,level,tags
#1: stderr all=off uptime,level,tags

Environment Variables:
PATH=/usr/local/sbin:/usr/local/bin:/usr/sbin:/usr/bin:/sbin:/bin:/usr/games:/usr/local/games:/snap/bin
USERNAME=m
SHELL=/bin/bash
DISPLAY=:0

Signal Handlers:
SIGSEGV: [libjvm.so+0xd28a90], sa_mask[0]=11111111011111111101111111111110, sa_flags=SA_RESTART|SA_SIGINFO
SIGBUS: [libjvm.so+0xd28a90], sa_mask[0]=11111111011111111101111111111110, sa_flags=SA_RESTART|SA_SIGINFO
SIGFPE: [libjvm.so+0xd28a90], sa_mask[0]=11111111011111111101111111111110, sa_flags=SA_RESTART|SA_SIGINFO
SIGPIPE: [libjvm.so+0xb2a110], sa_mask[0]=11111111011111111101111111111110, sa_flags=SA_RESTART|SA_SIGINFO
SIGXFSZ: [libjvm.so+0xb2a110], sa_mask[0]=11111111011111111101111111111110, sa_flags=SA_RESTART|SA_SIGINFO
SIGILL: [libjvm.so+0xd28a90], sa_mask[0]=11111111011111111101111111111110, sa_flags=SA_RESTART|SA_SIGINFO
SIGUSR2: [libjvm.so+0xb29f50], sa_mask[0]=00000000000000000000000000000000, sa_flags=SA_RESTART|SA_SIGINFO
SIGHUP: [libjvm.so+0xb2a0a0], sa_mask[0]=11111111011111111101111111111110, sa_flags=SA_RESTART|SA_SIGINFO
SIGINT: SIG_IGN, sa_mask[0]=00000000000000000000000000000000, sa_flags=none
SIGTERM: [libjvm.so+0xb2a0a0], sa_mask[0]=11111111011111111101111111111110, sa_flags=SA_RESTART|SA_SIGINFO
SIGQUIT: [libjvm.so+0xb2a0a0], sa_mask[0]=11111111011111111101111111111110, sa_flags=SA_RESTART|SA_SIGINFO


---------------  S Y S T E M  ---------------

OS:DISTRIB_ID=Ubuntu
DISTRIB_RELEASE=18.04
DISTRIB_CODENAME=bionic
DISTRIB_DESCRIPTION="Ubuntu 18.04.1 LTS"
uname:Linux 4.15.0-24-generic #26-Ubuntu SMP Wed Jun 13 08:44:47 UTC 2018 x86_64
libc:glibc 2.27 NPTL 2.27 
rlimit: STACK 8192k, CORE 0k, NPROC 30706, NOFILE 1048576, AS infinity, DATA infinity, FSIZE infinity
load average:24,04 13,99 7,59

/proc/meminfo:
MemTotal:        8044204 kB
MemFree:          130348 kB
MemAvailable:      59452 kB
Buffers:            4028 kB
Cached:           215016 kB
SwapCached:        10840 kB
Active:          5641768 kB
Inactive:         845476 kB
Active(anon):    5609056 kB
Inactive(anon):   801952 kB
Active(file):      32712 kB
Inactive(file):    43524 kB
Unevictable:          64 kB
Mlocked:              64 kB
SwapTotal:       2097148 kB
SwapFree:           1548 kB
Dirty:               240 kB
Writeback:           592 kB
AnonPages:       6257788 kB
Mapped:          1225308 kB
Shmem:            142724 kB
Slab:             146736 kB
SReclaimable:      63900 kB
SUnreclaim:        82836 kB
KernelStack:       19728 kB
PageTables:        81624 kB
NFS_Unstable:          0 kB
Bounce:                0 kB
WritebackTmp:          0 kB
CommitLimit:     6119248 kB
Committed_AS:   15610916 kB
VmallocTotal:   34359738367 kB
VmallocUsed:           0 kB
VmallocChunk:          0 kB
HardwareCorrupted:     0 kB
AnonHugePages:         0 kB
ShmemHugePages:        0 kB
ShmemPmdMapped:        0 kB
CmaTotal:              0 kB
CmaFree:               0 kB
HugePages_Total:       0
HugePages_Free:        0
HugePages_Rsvd:        0
HugePages_Surp:        0
Hugepagesize:       2048 kB
DirectMap4k:      793612 kB
DirectMap2M:     7471104 kB
DirectMap1G:           0 kB

container (cgroup) information:
container_type: cgroupv1
cpu_cpuset_cpus: 0-3
cpu_memory_nodes: 0
active_processor_count: 4
cpu_quota: -1
cpu_period: 100000
cpu_shares: -1
memory_limit_in_bytes: -1
memory_and_swap_limit_in_bytes: -2
memory_soft_limit_in_bytes: -1
memory_usage_in_bytes: 6634864640
memory_max_usage_in_bytes: 4815896576


CPU:total 4 (initial active 4) (2 cores per cpu, 2 threads per core) family 6 model 142 stepping 9, cmov, cx8, fxsr, mmx, sse, sse2, sse3, ssse3, sse4.1, sse4.2, popcnt, avx, avx2, aes, clmul, erms, 3dnowpref, lzcnt, ht, tsc, tscinvbit, bmi1, bmi2, adx, fma
CPU Model and flags from /proc/cpuinfo:
model name	: Intel(R) Core(TM) i7-7500U CPU @ 2.70GHz
flags		: fpu vme de pse tsc msr pae mce cx8 apic sep mtrr pge mca cmov pat pse36 clflush dts acpi mmx fxsr sse sse2 ss ht tm pbe syscall nx pdpe1gb rdtscp lm constant_tsc art arch_perfmon pebs bts rep_good nopl xtopology nonstop_tsc cpuid aperfmperf tsc_known_freq pni pclmulqdq dtes64 monitor ds_cpl vmx est tm2 ssse3 sdbg fma cx16 xtpr pdcm pcid sse4_1 sse4_2 x2apic movbe popcnt tsc_deadline_timer aes xsave avx f16c rdrand lahf_lm abm 3dnowprefetch cpuid_fault epb invpcid_single pti ibrs ibpb stibp tpr_shadow vnmi flexpriority ept vpid fsgsbase tsc_adjust bmi1 avx2 smep bmi2 erms invpcid mpx rdseed adx smap clflushopt intel_pt xsaveopt xsavec xgetbv1 xsaves dtherm ida arat pln pts hwp hwp_notify hwp_act_window hwp_epp

Memory: 4k page, physical 8044204k(129976k free), swap 2097148k(1548k free)

vm_info: OpenJDK 64-Bit Server VM (10.0.1+10-Ubuntu-3ubuntu1) for linux-amd64 JRE (10.0.1+10-Ubuntu-3ubuntu1), built on Apr 21 2018 13:41:27 by "buildd" with gcc 7.3.0

END.
